#
# There is insufficient memory for the Java Runtime Environment to continue.
# Native memory allocation (mmap) failed to map 532676608 bytes for G1 virtual space
# Possible reasons:
#   The system is out of physical RAM or swap space
#   The process is running with CompressedOops enabled, and the Java Heap may be blocking the growth of the native heap
# Possible solutions:
#   Reduce memory load on the system
#   Increase physical memory or swap space
#   Check if swap backing store is full
#   Decrease Java heap size (-Xmx/-Xms)
#   Decrease number of Java threads
#   Decrease Java thread stack sizes (-Xss)
#   Set larger code cache with -XX:ReservedCodeCacheSize=
#   JVM is running with Zero Based Compressed Oops mode in which the Java heap is
#     placed in the first 32GB address space. The Java Heap base address is the
#     maximum limit for the native heap growth. Please use -XX:HeapBaseMinAddress
#     to set the Java Heap base and to place the Java Heap above 32GB virtual address.
# This output file may be truncated or incomplete.
#
#  Out of Memory Error (os_windows.cpp:3559), pid=12988, tid=12340
#
# JRE version:  (17.0.7+7) (build )
# Java VM: OpenJDK 64-Bit Server VM (17.0.7+7, mixed mode, emulated-client, sharing, tiered, compressed oops, compressed class ptrs, g1 gc, windows-amd64)
# No core dump will be written. Minidumps are not enabled by default on client versions of Windows
#

---------------  S U M M A R Y ------------

Command Line: -XX:+ShowCodeDetailsInExceptionMessages -agentlib:jdwp=transport=dt_socket,suspend=y,address=localhost:55690 -Dcom.sun.management.jmxremote -Dcom.sun.management.jmxremote.port=55689 -Dcom.sun.management.jmxremote.authenticate=false -Dcom.sun.management.jmxremote.ssl=false -Djava.rmi.server.hostname=localhost -Dspring.jmx.enabled=true -Dmanagement.endpoints.jmx.exposure.include=* -Dspring.application.admin.enabled=true -XX:TieredStopAtLevel=1 -Dspring.boot.project.name=SportBuddiesApp-Be-Main -javaagent:C:\Users\maplvijo\Desktop\sts-4.19.0.RELEASE\configuration\org.eclipse.osgi\267\0\.cp\lib\javaagent-shaded.jar -Dfile.encoding=UTF-8 es.sport.buddies.main.app.SportBuddiesAppBeMainApplication --spring.output.ansi.enabled=always

Host: 12th Gen Intel(R) Core(TM) i5-1235U, 12 cores, 31G,  Windows 10 , 64 bit Build 19041 (10.0.19041.4597)
Time: Mon Sep 23 11:51:22 2024 Hora de verano romance elapsed time: 0.030104 seconds (0d 0h 0m 0s)

---------------  T H R E A D  ---------------

Current thread (0x000001d7cd30ec50):  JavaThread "Unknown thread" [_thread_in_vm, id=12340, stack(0x0000000b18000000,0x0000000b18100000)]

Stack: [0x0000000b18000000,0x0000000b18100000]
Native frames: (J=compiled Java code, j=interpreted, Vv=VM code, C=native code)
V  [jvm.dll+0x67754a]
V  [jvm.dll+0x834304]
V  [jvm.dll+0x835aae]
V  [jvm.dll+0x836113]
V  [jvm.dll+0x24696f]
V  [jvm.dll+0x6743f9]
V  [jvm.dll+0x668c8a]
V  [jvm.dll+0x3061bb]
V  [jvm.dll+0x30d6a6]
V  [jvm.dll+0x35cece]
V  [jvm.dll+0x35d0ff]
V  [jvm.dll+0x2dd048]
V  [jvm.dll+0x2ddfb4]
V  [jvm.dll+0x8066d1]
V  [jvm.dll+0x36ac91]
V  [jvm.dll+0x7e5cec]
V  [jvm.dll+0x3ed56f]
V  [jvm.dll+0x3ef0a1]
C  [jli.dll+0x528b]
C  [ucrtbase.dll+0x21bb2]
C  [KERNEL32.DLL+0x17374]
C  [ntdll.dll+0x4cc91]


---------------  P R O C E S S  ---------------

Threads class SMR info:
_java_thread_list=0x00007ffe1d247018, length=0, elements={
}

Java Threads: ( => current thread )

Other Threads:
  0x000001d7cd3780b0 GCTaskThread "GC Thread#0" [stack: 0x0000000b18100000,0x0000000b18200000] [id=16844]
  0x000001d7cd389b50 ConcurrentGCThread "G1 Main Marker" [stack: 0x0000000b18200000,0x0000000b18300000] [id=21004]
  0x000001d7cd38ac10 ConcurrentGCThread "G1 Conc#0" [stack: 0x0000000b18300000,0x0000000b18400000] [id=15212]

[error occurred during error reporting (printing all threads), id 0xc0000005, EXCEPTION_ACCESS_VIOLATION (0xc0000005) at pc=0x00007ffe1ca1daf7]

VM state: not at safepoint (not fully initialized)

VM Mutex/Monitor currently owned by a thread:  ([mutex/lock_event])
[0x000001d7cd30ad90] Heap_lock - owner thread: 0x000001d7cd30ec50

Heap address: 0x0000000605800000, size: 8104 MB, Compressed Oops mode: Zero based, Oop shift amount: 3

CDS archive(s) mapped at: [0x0000000000000000-0x0000000000000000-0x0000000000000000), size 0, SharedBaseAddress: 0x0000000800000000, ArchiveRelocationMode: 0.
Narrow klass base: 0x0000000000000000, Narrow klass shift: 0, Narrow klass range: 0x0

GC Precious Log:
<Empty>

Heap:
 garbage-first heap   total 0K, used 0K [0x0000000605800000, 0x0000000800000000)
  region size 4096K, 0 young (0K), 0 survivors (0K)

[error occurred during error reporting (printing heap information), id 0xc0000005, EXCEPTION_ACCESS_VIOLATION (0xc0000005) at pc=0x00007ffe1ce00db9]

GC Heap History (0 events):
No events

Dll operation events (1 events):
Event: 0.021 Loaded shared library C:\Users\maplvijo\Desktop\sts-4.19.0.RELEASE\plugins\org.eclipse.justj.openjdk.hotspot.jre.full.win32.x86_64_17.0.7.v20230425-1502\jre\bin\java.dll

Deoptimization events (0 events):
No events

Classes unloaded (0 events):
No events

Classes redefined (0 events):
No events

Internal exceptions (0 events):
No events

VM Operations (0 events):
No events

Events (0 events):
No events


Dynamic libraries:
0x00007ff7a30a0000 - 0x00007ff7a30ae000 	C:\Users\maplvijo\Desktop\sts-4.19.0.RELEASE\plugins\org.eclipse.justj.openjdk.hotspot.jre.full.win32.x86_64_17.0.7.v20230425-1502\jre\bin\javaw.exe
0x00007ffe941b0000 - 0x00007ffe943a8000 	C:\windows\SYSTEM32\ntdll.dll
0x00007ffe93410000 - 0x00007ffe934d1000 	C:\windows\System32\KERNEL32.DLL
0x00007ffe91b20000 - 0x00007ffe91e16000 	C:\windows\System32\KERNELBASE.dll
0x00007ffe91f80000 - 0x00007ffe92080000 	C:\windows\System32\ucrtbase.dll
0x00007ffe57f10000 - 0x00007ffe57f27000 	C:\Users\maplvijo\Desktop\sts-4.19.0.RELEASE\plugins\org.eclipse.justj.openjdk.hotspot.jre.full.win32.x86_64_17.0.7.v20230425-1502\jre\bin\jli.dll
0x00007ffe54e70000 - 0x00007ffe54e89000 	C:\Users\maplvijo\Desktop\sts-4.19.0.RELEASE\plugins\org.eclipse.justj.openjdk.hotspot.jre.full.win32.x86_64_17.0.7.v20230425-1502\jre\bin\VCRUNTIME140.dll
0x00007ffe934f0000 - 0x00007ffe9368f000 	C:\windows\System32\USER32.dll
0x00007ffe82180000 - 0x00007ffe8241a000 	C:\windows\WinSxS\amd64_microsoft.windows.common-controls_6595b64144ccf1df_6.0.19041.4355_none_60b8b9eb71f62e16\COMCTL32.dll
0x00007ffe91af0000 - 0x00007ffe91b12000 	C:\windows\System32\win32u.dll
0x00007ffe93cd0000 - 0x00007ffe93d6e000 	C:\windows\System32\msvcrt.dll
0x00007ffe93ee0000 - 0x00007ffe93f0b000 	C:\windows\System32\GDI32.dll
0x00007ffe91920000 - 0x00007ffe91a37000 	C:\windows\System32\gdi32full.dll
0x00007ffe91ee0000 - 0x00007ffe91f7d000 	C:\windows\System32\msvcp_win.dll
0x00007ffe92950000 - 0x00007ffe9297f000 	C:\windows\System32\IMM32.DLL
0x000001d7cba10000 - 0x000001d7cba24000 	C:\windows\System32\umppc18411.dll
0x000001d7cba50000 - 0x000001d7cba62000 	C:\windows\System32\CsXumd64_18411.dll
0x00007ffe608f0000 - 0x00007ffe608fc000 	C:\Users\maplvijo\Desktop\sts-4.19.0.RELEASE\plugins\org.eclipse.justj.openjdk.hotspot.jre.full.win32.x86_64_17.0.7.v20230425-1502\jre\bin\vcruntime140_1.dll
0x00007ffe182c0000 - 0x00007ffe18351000 	C:\Users\maplvijo\Desktop\sts-4.19.0.RELEASE\plugins\org.eclipse.justj.openjdk.hotspot.jre.full.win32.x86_64_17.0.7.v20230425-1502\jre\bin\msvcp140.dll
0x00007ffe1c730000 - 0x00007ffe1d378000 	C:\Users\maplvijo\Desktop\sts-4.19.0.RELEASE\plugins\org.eclipse.justj.openjdk.hotspot.jre.full.win32.x86_64_17.0.7.v20230425-1502\jre\bin\server\jvm.dll
0x00007ffe92980000 - 0x00007ffe92a30000 	C:\windows\System32\ADVAPI32.dll
0x00007ffe936a0000 - 0x00007ffe93740000 	C:\windows\System32\sechost.dll
0x00007ffe92670000 - 0x00007ffe92793000 	C:\windows\System32\RPCRT4.dll
0x00007ffe91e20000 - 0x00007ffe91e47000 	C:\windows\System32\bcrypt.dll
0x00007ffe7dab0000 - 0x00007ffe7dab9000 	C:\windows\SYSTEM32\WSOCK32.dll
0x00007ffe937f0000 - 0x00007ffe9385b000 	C:\windows\System32\WS2_32.dll
0x00007ffe7d100000 - 0x00007ffe7d127000 	C:\windows\SYSTEM32\WINMM.dll
0x00007ffe8aa80000 - 0x00007ffe8aa8a000 	C:\windows\SYSTEM32\VERSION.dll
0x00007ffe8ff30000 - 0x00007ffe8ff42000 	C:\windows\SYSTEM32\kernel.appcore.dll
0x00007ffe65bb0000 - 0x00007ffe65bba000 	C:\Users\maplvijo\Desktop\sts-4.19.0.RELEASE\plugins\org.eclipse.justj.openjdk.hotspot.jre.full.win32.x86_64_17.0.7.v20230425-1502\jre\bin\jimage.dll
0x00007ffe8fae0000 - 0x00007ffe8fcc4000 	C:\windows\SYSTEM32\DBGHELP.DLL
0x00007ffe7dac0000 - 0x00007ffe7daf4000 	C:\windows\SYSTEM32\dbgcore.DLL
0x00007ffe91e50000 - 0x00007ffe91ed2000 	C:\windows\System32\bcryptPrimitives.dll
0x00007ffe7da10000 - 0x00007ffe7da4b000 	C:\Users\maplvijo\Desktop\sts-4.19.0.RELEASE\plugins\org.eclipse.justj.openjdk.hotspot.jre.full.win32.x86_64_17.0.7.v20230425-1502\jre\bin\jdwp.dll
0x00007ffe61ac0000 - 0x00007ffe61ace000 	C:\Users\maplvijo\Desktop\sts-4.19.0.RELEASE\plugins\org.eclipse.justj.openjdk.hotspot.jre.full.win32.x86_64_17.0.7.v20230425-1502\jre\bin\instrument.dll
0x00007ffe22e00000 - 0x00007ffe22e25000 	C:\Users\maplvijo\Desktop\sts-4.19.0.RELEASE\plugins\org.eclipse.justj.openjdk.hotspot.jre.full.win32.x86_64_17.0.7.v20230425-1502\jre\bin\java.dll

dbghelp: loaded successfully - version: 4.0.5 - missing functions: none
symbol engine: initialized successfully - sym options: 0x614 - pdb path: .;C:\Users\maplvijo\Desktop\sts-4.19.0.RELEASE\plugins\org.eclipse.justj.openjdk.hotspot.jre.full.win32.x86_64_17.0.7.v20230425-1502\jre\bin;C:\windows\SYSTEM32;C:\windows\WinSxS\amd64_microsoft.windows.common-controls_6595b64144ccf1df_6.0.19041.4355_none_60b8b9eb71f62e16;C:\Users\maplvijo\Desktop\sts-4.19.0.RELEASE\plugins\org.eclipse.justj.openjdk.hotspot.jre.full.win32.x86_64_17.0.7.v20230425-1502\jre\bin\server

VM Arguments:
jvm_args: -XX:+ShowCodeDetailsInExceptionMessages -agentlib:jdwp=transport=dt_socket,suspend=y,address=localhost:55690 -Dcom.sun.management.jmxremote -Dcom.sun.management.jmxremote.port=55689 -Dcom.sun.management.jmxremote.authenticate=false -Dcom.sun.management.jmxremote.ssl=false -Djava.rmi.server.hostname=localhost -Dspring.jmx.enabled=true -Dmanagement.endpoints.jmx.exposure.include=* -Dspring.application.admin.enabled=true -XX:TieredStopAtLevel=1 -Dspring.boot.project.name=SportBuddiesApp-Be-Main -javaagent:C:\Users\maplvijo\Desktop\sts-4.19.0.RELEASE\configuration\org.eclipse.osgi\267\0\.cp\lib\javaagent-shaded.jar -Dfile.encoding=UTF-8 
java_command: es.sport.buddies.main.app.SportBuddiesAppBeMainApplication --spring.output.ansi.enabled=always
java_class_path (initial): C:\workspace_sportbuddies_be\SportBuddiesApp-Be\SportBuddiesApp-Be-Main\target\classes;C:\Users\maplvijo\.m2\repository\org\springframework\boot\spring-boot-starter-security\3.3.3\spring-boot-starter-security-3.3.3.jar;C:\Users\maplvijo\.m2\repository\org\springframework\boot\spring-boot-starter\3.3.3\spring-boot-starter-3.3.3.jar;C:\Users\maplvijo\.m2\repository\org\springframework\boot\spring-boot\3.3.3\spring-boot-3.3.3.jar;C:\Users\maplvijo\.m2\repository\org\springframework\boot\spring-boot-autoconfigure\3.3.3\spring-boot-autoconfigure-3.3.3.jar;C:\Users\maplvijo\.m2\repository\org\springframework\boot\spring-boot-starter-logging\3.3.3\spring-boot-starter-logging-3.3.3.jar;C:\Users\maplvijo\.m2\repository\ch\qos\logback\logback-classic\1.5.7\logback-classic-1.5.7.jar;C:\Users\maplvijo\.m2\repository\ch\qos\logback\logback-core\1.5.7\logback-core-1.5.7.jar;C:\Users\maplvijo\.m2\repository\org\apache\logging\log4j\log4j-to-slf4j\2.23.1\log4j-to-slf4j-2.23.1.jar;C:\Users\maplvijo\.m2\repository\org\apache\logging\log4j\log4j-api\2.23.1\log4j-api-2.23.1.jar;C:\Users\maplvijo\.m2\repository\org\slf4j\jul-to-slf4j\2.0.16\jul-to-slf4j-2.0.16.jar;C:\Users\maplvijo\.m2\repository\jakarta\annotation\jakarta.annotation-api\2.1.1\jakarta.annotation-api-2.1.1.jar;C:\Users\maplvijo\.m2\repository\org\yaml\snakeyaml\2.2\snakeyaml-2.2.jar;C:\Users\maplvijo\.m2\repository\org\springframework\spring-aop\6.1.12\spring-aop-6.1.12.jar;C:\Users\maplvijo\.m2\repository\org\springframework\security\spring-security-config\6.3.3\spring-security-config-6.3.3.jar;C:\Users\maplvijo\.m2\repository\org\springframework\spring-context\6.1.12\spring-context-6.1.12.jar;C:\Users\maplvijo\.m2\repository\org\springframework\security\spring-security-web\6.3.3\spring-security-web-6.3.3.jar;C:\Users\maplvijo\.m2\repository\org\springframework\spring-expression\6.1.12\spring-expression-6.1.12.jar;C:\Users\maplvijo\.m2\repository\org\springframework\boot\spring-boot-starter-
Launcher Type: SUN_STANDARD

[Global flags]
     intx CICompilerCount                          = 4                                         {product} {ergonomic}
     uint ConcGCThreads                            = 3                                         {product} {ergonomic}
     uint G1ConcRefinementThreads                  = 10                                        {product} {ergonomic}
   size_t G1HeapRegionSize                         = 4194304                                   {product} {ergonomic}
    uintx GCDrainStackTargetSize                   = 64                                        {product} {ergonomic}
   size_t InitialHeapSize                          = 532676608                                 {product} {ergonomic}
     bool ManagementServer                         = true                                      {product} {command line}
   size_t MarkStackSize                            = 4194304                                   {product} {ergonomic}
   size_t MaxHeapSize                              = 8497659904                                {product} {ergonomic}
   size_t MinHeapDeltaBytes                        = 4194304                                   {product} {ergonomic}
   size_t MinHeapSize                              = 8388608                                   {product} {ergonomic}
    uintx NonProfiledCodeHeapSize                  = 0                                      {pd product} {ergonomic}
     bool ProfileInterpreter                       = false                                  {pd product} {command line}
    uintx ProfiledCodeHeapSize                     = 0                                      {pd product} {ergonomic}
     bool ShowCodeDetailsInExceptionMessages       = true                                   {manageable} {command line}
   size_t SoftMaxHeapSize                          = 8497659904                             {manageable} {ergonomic}
     intx TieredStopAtLevel                        = 1                                         {product} {command line}
     bool UseCompressedClassPointers               = true                           {product lp64_product} {ergonomic}
     bool UseCompressedOops                        = true                           {product lp64_product} {ergonomic}
     bool UseG1GC                                  = true                                      {product} {ergonomic}
     bool UseLargePagesIndividualAllocation        = false                                  {pd product} {ergonomic}

Logging:
Log output configuration:
 #0: stdout all=warning uptime,level,tags
 #1: stderr all=off uptime,level,tags

Environment Variables:
JAVA_HOME=C:\Program Files\Java\jdk-17.0.10
PATH=C:\Users\maplvijo\Desktop\sts-4.19.0.RELEASE\plugins\org.eclipse.justj.openjdk.hotspot.jre.full.win32.x86_64_17.0.7.v20230425-1502\jre\bin;C:/Users/maplvijo/Desktop/sts-4.19.0.RELEASE//plugins/org.eclipse.justj.openjdk.hotspot.jre.full.win32.x86_64_17.0.7.v20230425-1502/jre/bin/server;C:/Users/maplvijo/Desktop/sts-4.19.0.RELEASE//plugins/org.eclipse.justj.openjdk.hotspot.jre.full.win32.x86_64_17.0.7.v20230425-1502/jre/bin;C:\windows\system32;C:\windows;C:\windows\System32\Wbem;C:\windows\System32\WindowsPowerShell\v1.0\;C:\windows\System32\OpenSSH\;C:\Users\maplvijo\AppData\Local\Microsoft\WindowsApps;C:\Program Files\Git\cmd;C:\Program Files\RabbitMQ Server\rabbitmq_server-3.12.2\sbin;C:\Users\maplvijo\apache-maven-3.8.8\bin;C:\Program Files\AutoFirma\AutoFirma;C:\Program Files\Microsoft SQL Server\Client SDK\ODBC\130\Tools\Binn\;C:\Program Files (x86)\Microsoft SQL Server\130\Tools\Binn\;C:\Program Files\Microsoft SQL Server\130\Tools\Binn\;C:\Program Files\Microsoft SQL Server\130\DTS\Binn\;C:\Program Files (x86)\Microsoft SQL Server\160\DTS\Binn\;C:\Program Files\Docker\Docker\resources\bin;C:\kubernetes;C:\Program Files\Kubernetes\Minikube;C:\Program Files\nodejs\;C:\Users\maplvijo\AppData\Local\Programs\Microsoft VS Code\bin;C:\Users\maplvijo\AppData\Local\GitHubDesktop\bin;C:\kubernetes;C:\Program Files\Java\jdk-17.0.10\bin;C:\Users\maplvijo\AppData\Roaming\npm;C:\Users\maplvijo\Desktop\sts-4.19.0.RELEASE;
USERNAME=MAPLVIJO
OS=Windows_NT
PROCESSOR_IDENTIFIER=Intel64 Family 6 Model 154 Stepping 4, GenuineIntel
TMP=C:\Users\maplvijo\AppData\Local\Temp
TEMP=C:\Users\maplvijo\AppData\Local\Temp



---------------  S Y S T E M  ---------------

OS:
 Windows 10 , 64 bit Build 19041 (10.0.19041.4597)
OS uptime: 6 days 0:14 hours
Hyper-V role detected

CPU: total 12 (initial active 12) (6 cores per cpu, 2 threads per core) family 6 model 154 stepping 4 microcode 0x429, cx8, cmov, fxsr, ht, mmx, 3dnowpref, sse, sse2, sse3, ssse3, sse4.1, sse4.2, popcnt, lzcnt, tsc, tscinvbit, avx, avx2, aes, erms, clmul, bmi1, bmi2, adx, sha, fma, vzeroupper, clflush, clflushopt, clwb, hv

Memory: 4k page, system-wide physical 32400M (934M free)
TotalPageFile size 45326M (AvailPageFile size 270M)
current process WorkingSet (physical memory assigned to process): 11M, peak: 11M
current process commit charge ("private bytes"): 60M, peak: 567M

vm_info: OpenJDK 64-Bit Server VM (17.0.7+7) for windows-amd64 JRE (17.0.7+7), built on Apr 18 2023 22:10:42 by "temurin" with MS VC++ 16.7 (VS2019)

END.
